### CustomExplorer log file, revision E-2011.03-1 (build 1103) ###
### created at 16:17:26 on Tue Oct 20 2015 (Linux AMD64) ###
wv_start_log
# (0) running in waveview only mode
# (0) HOME defined
wv_move_window CustomWaveView 0 0
wv_resize_window CustomWaveView 800 400
wv_move_window CustomWaveView 2 53
wv_move_window CustomWaveView 0 3
wv_resize_window CustomWaveView 1597 870
sx_open_sim_file_read {timeSweep.tran}
wv_move_window CustomWaveView 1 0
wv_select_hierview_item {FILE0:D0:timeSweep.tran}
wv_dclick_hierview_item {FILE0:D0:timeSweep.tran}
wv_select_hierview_item {FILE0:D0:timeSweep.tran} {toplevel}
wv_dclick_hierview_item {FILE0:D0:timeSweep.tran} {toplevel}
wv_select_sigview_item I1
wv_dclick_sigview_item I1
wv_select_sigview_item O1
wv_dclick_sigview_item O1
wv_select_sigview_item O2
wv_dclick_sigview_item O2
wv_select_sigview_item O3
wv_dclick_sigview_item O3
wv_close_window CustomWaveView
wv_move_dialog Confirmation 705 384
wv_select_dialog Confirmation
# wv_press_button Confirmation.Ok
