### CustomExplorer log file, revision E-2011.03-1 (build 1103) ###
### created at 15:35:18 on Tue Oct 20 2015 (Linux AMD64) ###
wv_start_log
# (0) running in waveview only mode
# (0) HOME defined
wv_move_window CustomWaveView 0 0
wv_resize_window CustomWaveView 800 400
wv_move_window CustomWaveView 1 27
wv_move_window CustomWaveView 0 3
wv_resize_window CustomWaveView 1597 870
sx_open_sim_file_read {demo.raw/TransientAnalysis.tran}
wv_move_window CustomWaveView 1 26
wv_move_window CustomWaveView 0 3
wv_move_window CustomWaveView 1 0
wv_select_hierview_item {FILE0:D0:TransientAnalysis.tran}
wv_dclick_hierview_item {FILE0:D0:TransientAnalysis.tran}
wv_select_hierview_item {FILE0:D0:TransientAnalysis.tran} {toplevel}
wv_dclick_hierview_item {FILE0:D0:TransientAnalysis.tran} {toplevel}
wv_select_sigview_item n1
wv_dclick_sigview_item n1
wv_select_sigview_item o2
wv_dclick_sigview_item o2
wv_select_sigview_item o1
wv_drag_sigview_item o1
wv_dclick_sigview_item o1
wv_select_wv_item WV1.PANEL2:1.LEGEND
wv_drag_item_to WV1 35 406
wv_drag_enter WV1
wv_drag_to WV1 38 395
wv_drag_to WV1 55 197
wv_drop_on WV1
wv_drag_item_to WV1 37 399
wv_select_wv_item WV1.PANEL2:1.LEGEND
wv_drag_item_to WV1 24 543
wv_drag_enter WV1
wv_drag_to WV1 30 508
wv_drag_to WV1 60 314
wv_drop_on WV1
wv_drag_item_to WV1 26 530
wv_select_panel WV1.PANEL1:1 2.485e-10 1.15219
wv_drag_item_to WV1 156 49
wv_zoom WV1.PANEL1:1 2.485e-10 1.15219 3.24764e-09 -0.0582724
wv_select_toolbar_item {Measurement Tool}
wv_move_dialog MeasurementTool 399 255
wv_move_dialog MeasurementTool 416 108
wv_select_dialog MeasurementTool
wv_set_radio MeasurementTool.Difference
wv_press_button MeasurementTool.Apply
wv_move_dialog MeasurementTool 416 109
wv_move_dialog MeasurementTool 416 117
wv_move_dialog MeasurementTool 416 132
wv_move_dialog MeasurementTool 416 151
wv_move_dialog MeasurementTool 418 176
wv_move_dialog MeasurementTool 420 203
wv_move_dialog MeasurementTool 422 236
wv_move_dialog MeasurementTool 422 244
wv_move_dialog MeasurementTool 419 306
wv_move_dialog MeasurementTool 416 343
wv_move_dialog MeasurementTool 413 380
wv_move_dialog MeasurementTool 411 413
wv_move_dialog MeasurementTool 406 446
wv_move_dialog MeasurementTool 401 477
wv_move_dialog MeasurementTool 396 510
wv_move_dialog MeasurementTool 389 541
wv_move_dialog MeasurementTool 380 572
wv_move_dialog MeasurementTool 373 599
wv_move_dialog MeasurementTool 371 624
wv_move_dialog MeasurementTool 369 643
wv_move_dialog MeasurementTool 367 658
wv_move_dialog MeasurementTool 365 671
wv_move_dialog MeasurementTool 363 680
wv_move_dialog MeasurementTool 361 687
wv_move_dialog MeasurementTool 361 691
wv_move_dialog MeasurementTool 361 692
wv_move_dialog MeasurementTool 361 693
wv_move_dialog MeasurementTool 361 694
wv_move_dialog MeasurementTool 361 695
wv_move_dialog MeasurementTool 362 696
wv_move_dialog MeasurementTool 362 697
wv_move_dialog MeasurementTool 361 696
wv_select_panel WV1.PANEL1:1 8.64668e-10 0.889765
wv_drag_item_to WV1 363 197
wv_zoom WV1.PANEL1:1 8.64668e-10 0.889765 8.56971e-10 0.862985
wv_select_wv_item WV1.MEAS1
wv_move_wv_item WV1.MEAS1 354 226
wv_select_wv_item WV1.ICON.unzoom
wv_release_wv_item WV1 50 10
wv_select_panel WV1.PANEL1:1 1.54242e-10 1.15398
wv_drag_item_to WV1 145 50
wv_zoom WV1.PANEL1:1 1.54242e-10 1.15398 3.62468e-09 -0.169127
wv_select_wv_item WV1.MEAS1.ANCHOR1
wv_drag_item_to WV1 408 388
wv_move_wv_item WV1.MEAS1.ANCHOR1 420 394
wv_select_panel WV1.PANEL1:1 4.74248e-10 0.689102
wv_drag_item_to WV1 233 309
wv_select_panel WV1.PANEL1:1 6.87996e-10 0.547851
wv_select_panel WV1.PANEL1:1 6.73152e-10 0.553215
wv_drag_item_to WV1 299 384
wv_select_dialog MeasurementTool
wv_move_dialog MeasurementTool 361 695
wv_move_dialog MeasurementTool 362 694
wv_move_dialog MeasurementTool 362 693
wv_move_dialog MeasurementTool 363 691
wv_move_dialog MeasurementTool 364 690
wv_move_dialog MeasurementTool 365 687
wv_move_dialog MeasurementTool 367 684
wv_move_dialog MeasurementTool 369 680
wv_move_dialog MeasurementTool 375 673
wv_move_dialog MeasurementTool 381 664
wv_move_dialog MeasurementTool 387 654
wv_move_dialog MeasurementTool 393 642
wv_move_dialog MeasurementTool 400 627
wv_move_dialog MeasurementTool 407 610
wv_move_dialog MeasurementTool 414 589
wv_move_dialog MeasurementTool 421 568
wv_move_dialog MeasurementTool 428 547
wv_move_dialog MeasurementTool 449 476
wv_move_dialog MeasurementTool 456 449
wv_move_dialog MeasurementTool 463 420
wv_move_dialog MeasurementTool 470 391
wv_move_dialog MeasurementTool 475 364
wv_move_dialog MeasurementTool 477 337
wv_move_dialog MeasurementTool 482 310
wv_move_dialog MeasurementTool 487 283
wv_move_dialog MeasurementTool 492 256
wv_move_dialog MeasurementTool 497 244
wv_move_dialog MeasurementTool 502 204
wv_move_dialog MeasurementTool 507 181
wv_move_dialog MeasurementTool 509 162
wv_move_dialog MeasurementTool 511 143
wv_move_dialog MeasurementTool 513 126
wv_move_dialog MeasurementTool 515 104
wv_move_dialog MeasurementTool 515 95
wv_move_dialog MeasurementTool 515 89
wv_move_dialog MeasurementTool 515 87
wv_move_dialog MeasurementTool 515 86
wv_press_button MeasurementTool.Remove
wv_press_button MeasurementTool.Apply
wv_set_radio MeasurementTool.Width
wv_press_button MeasurementTool.Apply
wv_move_dialog MeasurementTool 515 87
wv_move_dialog MeasurementTool 514 92
wv_move_dialog MeasurementTool 512 103
wv_move_dialog MeasurementTool 507 137
wv_move_dialog MeasurementTool 502 160
wv_move_dialog MeasurementTool 495 187
wv_move_dialog MeasurementTool 488 218
wv_move_dialog MeasurementTool 474 282
wv_move_dialog MeasurementTool 465 315
wv_move_dialog MeasurementTool 456 350
wv_move_dialog MeasurementTool 449 381
wv_move_dialog MeasurementTool 439 437
wv_move_dialog MeasurementTool 434 464
wv_move_dialog MeasurementTool 427 510
wv_move_dialog MeasurementTool 425 529
wv_move_dialog MeasurementTool 423 546
wv_move_dialog MeasurementTool 419 574
wv_move_dialog MeasurementTool 417 587
wv_move_dialog MeasurementTool 415 598
wv_move_dialog MeasurementTool 411 614
wv_move_dialog MeasurementTool 409 620
wv_move_dialog MeasurementTool 407 626
wv_move_dialog MeasurementTool 406 627
wv_move_dialog MeasurementTool 406 628
wv_move_dialog MeasurementTool 405 627
wv_select_wv_item WV1.MEAS2
wv_drag_item_to WV1 266 229
wv_move_wv_item WV1.MEAS2 341 302
wv_press_key Delete
wv_move_dialog Confirmation 709 296
wv_select_dialog Confirmation
wv_move_dialog Confirmation 709 296
wv_press_button Confirmation.Ok
wv_select_sigview_item n1
wv_dclick_sigview_item n1
wv_select_sigview_item o1
wv_dclick_sigview_item o1
wv_select_sigview_item o2
wv_dclick_sigview_item o2
wv_select_wv_item WV1.MEAS3
wv_move_wv_item WV1.MEAS3 259 229
wv_select_wv_item WV1.MEAS3
wv_drag_item_to WV1 295 251
wv_move_wv_item WV1.MEAS3 296 131
wv_press_key Delete
#please select panel(s) for the delete action
wv_select_wv_item WV1.MEAS2
wv_drag_item_to WV1 370 321
wv_move_wv_item WV1.MEAS2 370 321
wv_select_dialog MeasurementTool
wv_move_dialog MeasurementTool 405 626
wv_move_dialog MeasurementTool 405 625
wv_move_dialog MeasurementTool 406 621
wv_move_dialog MeasurementTool 408 604
wv_move_dialog MeasurementTool 410 592
wv_move_dialog MeasurementTool 420 554
wv_move_dialog MeasurementTool 430 512
wv_move_dialog MeasurementTool 432 487
wv_move_dialog MeasurementTool 436 433
wv_move_dialog MeasurementTool 436 408
wv_move_dialog MeasurementTool 436 364
wv_move_dialog MeasurementTool 431 326
wv_move_dialog MeasurementTool 425 302
wv_move_dialog MeasurementTool 423 293
wv_move_dialog MeasurementTool 420 281
wv_move_dialog MeasurementTool 417 277
wv_move_dialog MeasurementTool 416 275
wv_move_dialog MeasurementTool 414 273
wv_move_dialog MeasurementTool 412 271
wv_move_dialog MeasurementTool 410 268
wv_move_dialog MeasurementTool 409 266
wv_move_dialog MeasurementTool 407 262
wv_move_dialog MeasurementTool 405 256
wv_press_button MeasurementTool.Remove
wv_press_button MeasurementTool.Remove
wv_press_button MeasurementTool.Remove
wv_press_button MeasurementTool.Remove
wv_press_button MeasurementTool.Remove
wv_press_button MeasurementTool.Remove
wv_resize_dialog MeasurementTool 766 660
wv_move_dialog MeasurementTool 405 255
wv_move_dialog MeasurementTool 405 254
wv_move_dialog MeasurementTool 405 253
wv_move_dialog MeasurementTool 406 247
wv_move_dialog MeasurementTool 407 237
wv_move_dialog MeasurementTool 410 228
wv_move_dialog MeasurementTool 413 217
wv_move_dialog MeasurementTool 416 210
wv_move_dialog MeasurementTool 420 184
wv_move_dialog MeasurementTool 420 157
wv_move_dialog MeasurementTool 420 128
wv_move_dialog MeasurementTool 416 99
wv_move_dialog MeasurementTool 412 69
wv_move_dialog MeasurementTool 408 47
wv_move_dialog MeasurementTool 406 29
wv_move_dialog MeasurementTool 406 22
wv_move_dialog MeasurementTool 404 14
wv_move_dialog MeasurementTool 404 12
wv_move_dialog MeasurementTool 404 10
wv_move_dialog MeasurementTool 403 10
wv_move_dialog MeasurementTool 403 9
wv_move_dialog MeasurementTool 403 10
wv_press_button MeasurementTool.Remove
wv_press_button MeasurementTool.Remove
wv_press_button MeasurementTool.Remove
wv_press_button MeasurementTool.Help
## TYPE S abort
## memory usage 5.29MB
#session saved in: 'sx_crash.sx'
### auto-generated spxrc ###
### General Settings ###
gui_font small
startup_mode full
show_console false
replay_delay 1
backingstore internal
gui_color bright
sx_editor vi
private_colormap false
wv_iconizable false
user_colors false
thick_line false
okbtn_autocenter false
delete_confirm true
reload_confirm true
precision_digits 3
browser_width 250
### SPICE lint ###
spice_netlist_erc off
spice_inst_casesensitive false
spice_parm_casesensitive false
spice_sort_subckt_cells false
spice_cell_index_depth true
spice_smart_sort false
use_hspiceini false
lint_suppress_list 
lint_min_resistance    1.000E-05
lint_max_capacitance    1.000E-03
lint_min_mos_width    1.000E-08
lint_max_mos_width    1.000E-02
lint_min_mos_length    1.000E-08
lint_max_mos_length    1.000E-02
### Custom WaveView ###
waveview_background black
cycle_color_by panel+waveview
clamp_ac_phase true
left_button_action zoom
init_xy_mode hvsel
group_display_order file
def_ac_stack complex
def_acx_type linear
def_acy_type linear
def_trx_type linear
def_try_type linear
def_fft_xscale log
def_fft_yscale db
signal_dnd_mode move
logic_style_default vcd
signal_font normal
signal_name name+file
signal_path path+name
load_data_at_open false
grid_default on
grid_brightness normal
auto_y_axes off
alias_bracket true
flatten_single_point_sweep true
signame_popup false
show_ytype false
smart_hsort false
sweep_expand user
remove_dupsig false
case_sens_tr0 false
flatten_segs true
extend_waveform false
convert_s_to_yz true
sync_alias true
real_time_scroll true
snap_marker false
btn_add_hcursor false
bar_grip_scroll false
auto_x_extend false
hide_panel_div false
logic_cursor_snap true
logic_glitch_highlight true
stack_auto_fit on
wdf_filter allfiles
horz_panel_height 80
default_panels_perrow 4
default_hist_binsize 10
max_visible_panels 0
lines_per_panel 0
min_panel_height 20
analog_panel_height 120
max_log_span 12
logic_panel_height 24
panel_spacing 0
smith_char_impedance    5.000E+01
d2a_xtol true
d2a_fullext true
d2a_high_value    3.300E+00
d2a_low_value    0.000E+00
d2a_rise_slew    1.000E-11
d2a_fall_slew    1.000E-11
a2d_single_threshold true
a2d_center_threshold    2.500E+00
a2d_high_threshold    4.000E+00
a2d_low_threshold    1.000E+00
dm_low_margin 10.0
dm_high_margin 90.0
dm_low_logic 0.0
dm_high_logic 3.3
SX_DM_DMScale false
SNR_inc_floor_noise false
